<?xml version="1.0" encoding="UTF-8"?>
<!-- Generated by org.testng.reporters.JUnitReportReporter -->
<testsuite name="leafTaps.LeafTapsLoginTest" tests="1" time="12.319" ignored="0" failures="0" timestamp="25 Feb 2017 10:33:51 GMT" skipped="0" hostname="LAPTOP-MFILOA84" errors="0">
  <testcase name="test1" time="12.319" classname="leafTaps.LeafTapsLoginTest"/>
</testsuite> <!-- leafTaps.LeafTapsLoginTest -->
