<?xml version="1.0" encoding="UTF-8"?>
<!-- Generated by org.testng.reporters.JUnitReportReporter -->
<testsuite name="leafTaps.TestLeafTapsLogin1" tests="1" time="12.572" ignored="0" failures="0" timestamp="23 Feb 2017 02:37:26 GMT" skipped="0" hostname="LAPTOP-MFILOA84" errors="0">
  <testcase name="test1" time="12.572" classname="leafTaps.TestLeafTapsLogin1"/>
</testsuite> <!-- leafTaps.TestLeafTapsLogin1 -->
