<?xml version="1.0" encoding="UTF-8"?>
<!-- Generated by org.testng.reporters.JUnitReportReporter -->
<testsuite name="leafTaps.LeafTapsLogin2Test" tests="1" time="14.621" ignored="0" failures="0" timestamp="23 Feb 2017 02:40:50 GMT" skipped="0" hostname="LAPTOP-MFILOA84" errors="0">
  <testcase name="test1" time="14.621" classname="leafTaps.LeafTapsLogin2Test"/>
</testsuite> <!-- leafTaps.LeafTapsLogin2Test -->
