<?xml version="1.0" encoding="UTF-8"?>
<!-- Generated by org.testng.reporters.JUnitReportReporter -->
<testsuite name="leafTaps.MvnTest" tests="1" time="0.000" ignored="0" failures="0" timestamp="23 Feb 2017 02:41:22 GMT" skipped="0" hostname="LAPTOP-MFILOA84" errors="0">
  <testcase name="print" time="0.000" classname="leafTaps.MvnTest"/>
</testsuite> <!-- leafTaps.MvnTest -->
